

*******************************************************************************
Fri May  5 12:10:58 2017


FIT:    data read from '100ns-q.out' u 1:2
        format = x:z
        #datapoints = 1998
        residuals are weighted equally (unit weight)

function used for fitting: f1(x)
fitted parameters initialized with current variable values



 Iteration 0
 WSSR        : 6.65168e+12       delta(WSSR)/WSSR   : 0
 delta(WSSR) : 0                 limit for stopping : 1e-05
 lambda	  : 57698.9

initial set of free parameter values

m1              = 1

After 4 iterations the fit converged.
final sum of squares of residuals : 2.89478e-10
rel. change during last iteration : -3.60826e-10

degrees of freedom    (FIT_NDF)                        : 1997
rms of residuals      (FIT_STDFIT) = sqrt(WSSR/ndf)    : 3.80731e-07
variance of residuals (reduced chisquare) = WSSR/ndf   : 1.44956e-13

Final set of parameters            Asymptotic Standard Error
=======================            ==========================

m1              = 1.17904e-10      +/- 1.476e-13    (0.1252%)


correlation matrix of the fit parameters:

               m1     
m1              1.000 


*******************************************************************************
Fri May  5 12:11:11 2017


FIT:    data read from '100ns-q.out' u 1:($2/0.1)
        format = x:z
        #datapoints = 1998
        residuals are weighted equally (unit weight)

function used for fitting: f1(x)
fitted parameters initialized with current variable values



 Iteration 0
 WSSR        : 7.51878e-06       delta(WSSR)/WSSR   : 0
 delta(WSSR) : 0                 limit for stopping : 1e-05
 lambda	  : 57698.9

initial set of free parameter values

m1              = 1.17904e-10

After 3 iterations the fit converged.
final sum of squares of residuals : 2.89478e-08
rel. change during last iteration : -1.94309e-15

degrees of freedom    (FIT_NDF)                        : 1997
rms of residuals      (FIT_STDFIT) = sqrt(WSSR/ndf)    : 3.80731e-06
variance of residuals (reduced chisquare) = WSSR/ndf   : 1.44956e-11

Final set of parameters            Asymptotic Standard Error
=======================            ==========================

m1              = 1.17904e-09      +/- 1.476e-12    (0.1252%)


correlation matrix of the fit parameters:

               m1     
m1              1.000 


*******************************************************************************
Fri May  5 12:12:07 2017


FIT:    data read from '100ns-q.out' u 1:($2/0.1)
        format = x:z
        #datapoints = 1998
        residuals are weighted equally (unit weight)

function used for fitting: f1(x)
fitted parameters initialized with current variable values



 Iteration 0
 WSSR        : 2.89478e-08       delta(WSSR)/WSSR   : 0
 delta(WSSR) : 0                 limit for stopping : 1e-05
 lambda	  : 57698.9

initial set of free parameter values

m1              = 1.17904e-09

After 1 iterations the fit converged.
final sum of squares of residuals : 2.89478e-08
rel. change during last iteration : 0

degrees of freedom    (FIT_NDF)                        : 1997
rms of residuals      (FIT_STDFIT) = sqrt(WSSR/ndf)    : 3.80731e-06
variance of residuals (reduced chisquare) = WSSR/ndf   : 1.44956e-11

Final set of parameters            Asymptotic Standard Error
=======================            ==========================

m1              = 1.17904e-09      +/- 1.476e-12    (0.1252%)


correlation matrix of the fit parameters:

               m1     
m1              1.000 


*******************************************************************************
Thu Jun  8 10:27:39 2017


FIT:    data read from '100ns-q.out' u 1:($2/0.1)
        format = x:z
        #datapoints = 1998
        residuals are weighted equally (unit weight)

function used for fitting: f1(x)
fitted parameters initialized with current variable values



 Iteration 0
 WSSR        : 6.65168e+12       delta(WSSR)/WSSR   : 0
 delta(WSSR) : 0                 limit for stopping : 1e-05
 lambda	  : 57698.9

initial set of free parameter values

m1              = 1

After 4 iterations the fit converged.
final sum of squares of residuals : 2.89478e-08
rel. change during last iteration : -3.60821e-12

degrees of freedom    (FIT_NDF)                        : 1997
rms of residuals      (FIT_STDFIT) = sqrt(WSSR/ndf)    : 3.80731e-06
variance of residuals (reduced chisquare) = WSSR/ndf   : 1.44956e-11

Final set of parameters            Asymptotic Standard Error
=======================            ==========================

m1              = 1.17904e-09      +/- 1.476e-12    (0.1252%)


correlation matrix of the fit parameters:

               m1     
m1              1.000 
