Option     Filename  Type         Description
------------------------------------------------------------
  -f md_umbrella.mdp  Input        grompp input file with MD parameters
 -po      mdout.mdp  Output       grompp input file with MD parameters
  -c        npt.gro  Input        Structure file: gro g96 pdb tpr etc.
  -r       conf.gro  Input, Opt.  Structure file: gro g96 pdb tpr etc.
 -rb       conf.gro  Input, Opt.  Structure file: gro g96 pdb tpr etc.
  -n   ../index.ndx  Input, Opt!  Index file
  -p   ../topol.top  Input        Topology file
 -pp  processed.top  Output, Opt. Topology file
  -o   umbrella.tpr  Output       Run input file: tpr tpb tpa
  -t        npt.cpt  Input, Opt!  Full precision trajectory: trr trj cpt
  -e       ener.edr  Input, Opt.  Energy file

Option       Type   Value   Description
------------------------------------------------------
-[no]h       bool   no      Print help info and quit
-[no]version bool   no      Print version info and quit
-nice        int    0       Set the nicelevel
-[no]v       bool   no      Be loud and noisy
-time        real   -1      Take frame at or first after this time.
-[no]rmvsbds bool   yes     Remove constant bonded interactions with virtual
                            sites
-maxwarn     int    10      Number of allowed warnings during input
                            processing. Not for normal use and may generate
                            unstable systems
-[no]zero    bool   no      Set parameters for bonded interactions without
                            defaults to zero instead of generating an error
-[no]renum   bool   yes     Renumber atomtypes and minimize number of
                            atomtypes

Ignoring obsolete mdp entry 'title'

Back Off! I just backed up mdout.mdp to ./#mdout.mdp.2#

NOTE 1 [file md_umbrella.mdp]:
  leapfrog does not yet support Nose-Hoover chains, nhchainlength reset to 1

Generated 165 of the 1596 non-bonded parameter combinations
Excluding 3 bonded neighbours molecule type 'Protein_chain_A'
Excluding 2 bonded neighbours molecule type 'SOL'
Excluding 2 bonded neighbours molecule type 'SOL'
Excluding 1 bonded neighbours molecule type 'NA'
Excluding 1 bonded neighbours molecule type 'CL'
Pull group 0 'N-terminal' has 10 atoms
Pull group 1 'C-terminal' has 14 atoms
Number of degrees of freedom in T-Coupling group Protein is 322.97
Number of degrees of freedom in T-Coupling group non-Protein is 28458.03
Reading Coordinates, Velocities and Box size from old trajectory
Will read whole trajectory
Last frame         -1 time  100.000   
Using frame at t = 100 ps
Starting time for run is 0 ps
Pull group  natoms  pbc atom  distance at start     reference at t=0
       0        10         5 
       1        14       158   3.191                 3.191              
Estimate for the relative computational load of the PME mesh part: 0.15

There was 1 note

gcq#14: "Your Proposal is Accepted" (Men In Black)

                         :-)  G  R  O  M  A  C  S  (-:

               GRoups of Organic Molecules in ACtion for Science

                            :-)  VERSION 4.5.6  (-:

        Written by Emile Apol, Rossen Apostolov, Herman J.C. Berendsen,
      Aldert van Buuren, Pär Bjelkmar, Rudi van Drunen, Anton Feenstra, 
        Gerrit Groenhof, Peter Kasson, Per Larsson, Pieter Meulenhoff, 
           Teemu Murtola, Szilard Pall, Sander Pronk, Roland Schulz, 
                Michael Shirts, Alfons Sijbers, Peter Tieleman,

               Berk Hess, David van der Spoel, and Erik Lindahl.

       Copyright (c) 1991-2000, University of Groningen, The Netherlands.
            Copyright (c) 2001-2010, The GROMACS development team at
        Uppsala University & The Royal Institute of Technology, Sweden.
            check out http://www.gromacs.org for more information.

         This program is free software; you can redistribute it and/or
          modify it under the terms of the GNU General Public License
         as published by the Free Software Foundation; either version 2
             of the License, or (at your option) any later version.

                   :-)  grompp_mpi_d (double precision)  (-:

turning all bonds into constraints...
turning all bonds into constraints...
turning all bonds into constraints...
turning all bonds into constraints...
Largest charge group radii for Van der Waals: 0.183, 0.182 nm
Largest charge group radii for Coulomb:       0.183, 0.182 nm
Calculating fourier grid dimensions for X Y Z
Using a fourier grid of 28x28x144, spacing 0.107 0.107 0.111
This run will generate roughly 414 Mb of data
